2023-02-01 09:39:57,832 - INFO - migrations : DB migration service
2023-02-01 09:39:57,832 - INFO - migrations : Loading configuration from file
2023-02-01 09:39:57,838 - INFO - migrations : DONE
2023-02-01 09:39:57,929 - INFO - migrations : Connecting to MySQL DB
2023-02-01 09:39:57,931 - INFO - migrations : Connected to MySQL database. MySQL Server version on 8.0.32
2023-02-01 09:39:58,231 - INFO - migrations : Executing: 2023-01-30-0000001.sql
2023-02-01 09:39:58,344 - INFO - migrations : None
2023-02-01 09:39:58,391 - INFO - migrations : OK
2023-02-01 09:39:58,397 - INFO - migrations : Executing: 2023-01-30-0000002.sql
2023-02-01 09:39:58,541 - INFO - migrations : None
2023-02-01 09:39:58,581 - INFO - migrations : OK
2023-02-01 09:39:58,588 - INFO - migrations : Executing: 2023-01-30-0000003.sql
2023-02-01 09:39:58,899 - INFO - migrations : None
2023-02-01 09:39:59,105 - INFO - migrations : OK
2023-02-01 09:39:59,125 - INFO - migrations : Executing: 2023-01-30-0000004.sql
2023-02-01 09:39:59,682 - INFO - migrations : None
2023-02-01 09:39:59,742 - INFO - migrations : OK
2023-02-01 09:39:59,748 - INFO - migrations : Executing: 2023-01-30-0000005.sql
2023-02-01 09:40:00,015 - INFO - migrations : None
2023-02-01 09:40:00,049 - INFO - migrations : OK
2023-02-01 09:40:00,054 - INFO - migrations : Executing: 2023-01-30-0000007.sql
2023-02-01 09:40:00,145 - INFO - migrations : None
2023-02-01 09:40:00,192 - INFO - migrations : OK
2023-02-01 09:40:00,200 - INFO - migrations : Executing: 2023-01-31-0000000.sql
2023-02-01 09:40:00,204 - INFO - migrations : None
2023-02-01 09:40:00,263 - INFO - migrations : OK
2023-02-01 09:40:00,268 - INFO - migrations : Executing: 2023-01-31-0000001.sql
2023-02-01 09:40:00,271 - INFO - migrations : None
2023-02-01 09:40:00,424 - INFO - migrations : OK
2023-02-01 09:40:00,443 - INFO - migrations : Executing: 2023-01-31-0000002.sql
2023-02-01 09:40:00,449 - INFO - migrations : None
2023-02-01 09:40:00,596 - INFO - migrations : OK
2023-02-01 09:40:00,768 - INFO - migrations : trigger made
2023-02-01 09:40:00,828 - INFO - migrations : trigger made
2023-02-01 09:55:29,368 - INFO - migrations : DB migration service
2023-02-01 09:55:29,369 - INFO - migrations : Loading configuration from file
2023-02-01 09:55:29,370 - INFO - migrations : DONE
2023-02-01 09:55:29,442 - INFO - migrations : Connecting to MySQL DB
2023-02-01 09:55:29,444 - INFO - migrations : Connected to MySQL database. MySQL Server version on 8.0.32
2023-02-01 09:55:29,657 - INFO - migrations : Executing: 2023-01-30-0000001.sql
2023-02-01 09:55:29,757 - INFO - migrations : None
2023-02-01 09:55:29,794 - INFO - migrations : OK
2023-02-01 09:55:29,799 - INFO - migrations : Executing: 2023-01-30-0000002.sql
2023-02-01 09:55:30,032 - INFO - migrations : None
2023-02-01 09:55:30,082 - INFO - migrations : OK
2023-02-01 09:55:30,092 - INFO - migrations : Executing: 2023-01-30-0000003.sql
2023-02-01 09:55:30,200 - INFO - migrations : None
2023-02-01 09:55:30,236 - INFO - migrations : OK
2023-02-01 09:55:30,241 - INFO - migrations : Executing: 2023-01-30-0000004.sql
2023-02-01 09:55:30,390 - INFO - migrations : None
2023-02-01 09:55:30,437 - INFO - migrations : OK
2023-02-01 09:55:30,442 - INFO - migrations : Executing: 2023-01-30-0000005.sql
2023-02-01 09:55:31,071 - INFO - migrations : None
2023-02-01 09:55:31,130 - INFO - migrations : OK
2023-02-01 09:55:31,136 - INFO - migrations : Executing: 2023-01-30-0000006.sql
2023-02-01 09:55:31,516 - INFO - migrations : None
2023-02-01 09:55:31,569 - INFO - migrations : OK
2023-02-01 09:55:31,576 - INFO - migrations : Executing: 2023-01-30-0000007.sql
2023-02-01 09:55:31,818 - INFO - migrations : None
2023-02-01 09:55:31,873 - INFO - migrations : OK
2023-02-01 09:55:31,879 - INFO - migrations : Executing: 2023-01-31-0000000.sql
2023-02-01 09:55:31,884 - INFO - migrations : None
2023-02-01 09:55:31,992 - INFO - migrations : OK
2023-02-01 09:55:32,011 - INFO - migrations : Executing: 2023-01-31-0000001.sql
2023-02-01 09:55:32,022 - INFO - migrations : None
2023-02-01 09:55:32,105 - INFO - migrations : OK
2023-02-01 09:55:32,112 - INFO - migrations : Executing: 2023-01-31-0000002.sql
2023-02-01 09:55:32,115 - INFO - migrations : None
2023-02-01 09:55:32,176 - INFO - migrations : OK
2023-02-01 09:55:32,249 - INFO - migrations : trigger made
2023-02-01 09:55:32,322 - INFO - migrations : trigger made
